{
  "stats": {
    "suites": 1,
    "tests": 2,
    "passes": 2,
    "pending": 0,
    "failures": 0,
    "start": "2022-09-02T01:42:06.890Z",
    "end": "2022-09-02T01:42:11.421Z",
    "duration": 4531,
    "testsRegistered": 2,
    "passPercent": 100,
    "pendingPercent": 0,
    "other": 0,
    "hasOther": false,
    "skipped": 0,
    "hasSkipped": false
  },
  "results": [
    {
      "uuid": "29903cf6-63d4-4812-be51-a8f322a54eec",
      "title": "",
      "fullFile": "cypress\\e2e\\loginblaze.cy.js",
      "file": "cypress\\e2e\\loginblaze.cy.js",
      "beforeHooks": [],
      "afterHooks": [],
      "tests": [],
      "suites": [
        {
          "uuid": "69af229b-c0fd-4c0f-8c6b-444857bdf4a8",
          "title": "Sign up Demo Blaze",
          "fullFile": "",
          "file": "",
          "beforeHooks": [],
          "afterHooks": [],
          "tests": [
            {
              "title": "Visit URL Demo Blaze",
              "fullTitle": "Sign up Demo Blaze Visit URL Demo Blaze",
              "timedOut": null,
              "duration": 1536,
              "state": "passed",
              "speed": "fast",
              "pass": true,
              "fail": false,
              "pending": false,
              "context": null,
              "code": "cy.visit('https://www.demoblaze.com/index.html');",
              "err": {},
              "uuid": "2f5eeed3-dd3b-4f3f-bac9-4fd62607102c",
              "parentUUID": "69af229b-c0fd-4c0f-8c6b-444857bdf4a8",
              "isHook": false,
              "skipped": false
            },
            {
              "title": "Login Demo Blaze",
              "fullTitle": "Sign up Demo Blaze Login Demo Blaze",
              "timedOut": null,
              "duration": 1149,
              "state": "passed",
              "speed": "fast",
              "pass": true,
              "fail": false,
              "pending": false,
              "context": null,
              "code": "cy.get('#login2').click();\ncy.get('#loginusername').type('nawa123').click();\ncy.get('#loginpassword').type('nawa123').click();\ncy.get('#logInModal > .modal-dialog > .modal-content > .modal-footer > .btn-primary').click();",
              "err": {},
              "uuid": "2a14fdb9-c0fc-4154-aeab-f51f5a3d9974",
              "parentUUID": "69af229b-c0fd-4c0f-8c6b-444857bdf4a8",
              "isHook": false,
              "skipped": false
            }
          ],
          "suites": [],
          "passes": [
            "2f5eeed3-dd3b-4f3f-bac9-4fd62607102c",
            "2a14fdb9-c0fc-4154-aeab-f51f5a3d9974"
          ],
          "failures": [],
          "pending": [],
          "skipped": [],
          "duration": 2685,
          "root": false,
          "rootEmpty": false,
          "_timeout": 2000
        }
      ],
      "passes": [],
      "failures": [],
      "pending": [],
      "skipped": [],
      "duration": 0,
      "root": true,
      "rootEmpty": true,
      "_timeout": 2000
    }
  ],
  "meta": {
    "mocha": {
      "version": "7.0.1"
    },
    "mochawesome": {
      "options": {
        "quiet": false,
        "reportFilename": "mochawesome",
        "saveHtml": false,
        "saveJson": true,
        "consoleReporter": "spec",
        "useInlineDiffs": false,
        "code": true
      },
      "version": "7.1.3"
    },
    "marge": {
      "options": {
        "charts": true,
        "reportPageTitle": "report-cypressDemoBlaze",
        "embeddedScreenshot": true,
        "inlineAssets": true,
        "saveAllAttempts": false,
        "video": false,
        "screenshotsFolder": "images",
        "overwrite": false,
        "html": false,
        "json": true,
        "reportDir": "cypress\\reports\\html\\.jsons"
      },
      "version": "6.2.0"
    }
  }
}