{
  "stats": {
    "suites": 1,
    "tests": 2,
    "passes": 1,
    "pending": 0,
    "failures": 1,
    "start": "2022-09-02T01:42:15.279Z",
    "end": "2022-09-02T01:42:18.828Z",
    "duration": 3549,
    "testsRegistered": 2,
    "passPercent": 50,
    "pendingPercent": 0,
    "other": 0,
    "hasOther": false,
    "skipped": 0,
    "hasSkipped": false
  },
  "results": [
    {
      "uuid": "e0f06dd1-923d-463a-b8f1-bc5c27d7fcf9",
      "title": "",
      "fullFile": "cypress\\e2e\\negativelogin.cy.js",
      "file": "cypress\\e2e\\negativelogin.cy.js",
      "beforeHooks": [],
      "afterHooks": [],
      "tests": [],
      "suites": [
        {
          "uuid": "7c7aa93f-b525-4230-99d9-64ba286dd49f",
          "title": "Login Demo Blaze",
          "fullFile": "",
          "file": "",
          "beforeHooks": [],
          "afterHooks": [],
          "tests": [
            {
              "title": "Visit URL Demo Blaze",
              "fullTitle": "Login Demo Blaze Visit URL Demo Blaze",
              "timedOut": null,
              "duration": 1902,
              "state": "passed",
              "speed": "fast",
              "pass": true,
              "fail": false,
              "pending": false,
              "context": null,
              "code": "cy.visit('https://www.demoblaze.com/index.html');",
              "err": {},
              "uuid": "c2445db1-968d-4ba8-a4ac-7eda89d6d5c0",
              "parentUUID": "7c7aa93f-b525-4230-99d9-64ba286dd49f",
              "isHook": false,
              "skipped": false
            },
            {
              "title": "Negative Login Demo Blaze",
              "fullTitle": "Login Demo Blaze Negative Login Demo Blaze",
              "timedOut": null,
              "duration": 360,
              "state": "failed",
              "speed": null,
              "pass": false,
              "fail": true,
              "pending": false,
              "context": "{\n  \"title\": \"cypress-mochawesome-reporter-screenshots\",\n  \"value\": [\n    [\n      {\n        \"title\": \"Failed screenshot\",\n        \"value\": \"\\\\negativelogin.cy.js\\\\Login Demo Blaze -- Negative Login Demo Blaze (failed).png\"\n      }\n    ]\n  ]\n}",
              "code": "cy.get('#login2').click();\ncy.get('#loginusername').type('').click();\ncy.get('#loginpassword').type('nawa1').click();\ncy.get('#logInModal > .modal-dialog > .modal-content > .modal-footer > .btn-primary').click();",
              "err": {
                "message": "CypressError: `cy.type()` cannot accept an empty string. You need to actually type something.\n\nhttps://on.cypress.io/type",
                "estack": "CypressError: `cy.type()` cannot accept an empty string. You need to actually type something.\n\nhttps://on.cypress.io/type\n    at Context.type (https://www.demoblaze.com/__cypress/runner/cypress_runner.js:137335:76)\n    at wrapped (https://www.demoblaze.com/__cypress/runner/cypress_runner.js:157145:19)\nFrom Your Spec Code:\n    at Context.eval (https://www.demoblaze.com/__cypress/tests?p=cypress\\e2e\\negativelogin.cy.js:106:30)",
                "diff": null
              },
              "uuid": "7aa3fc48-9644-4160-a178-34a2125c240a",
              "parentUUID": "7c7aa93f-b525-4230-99d9-64ba286dd49f",
              "isHook": false,
              "skipped": false
            }
          ],
          "suites": [],
          "passes": [
            "c2445db1-968d-4ba8-a4ac-7eda89d6d5c0"
          ],
          "failures": [
            "7aa3fc48-9644-4160-a178-34a2125c240a"
          ],
          "pending": [],
          "skipped": [],
          "duration": 2262,
          "root": false,
          "rootEmpty": false,
          "_timeout": 2000
        }
      ],
      "passes": [],
      "failures": [],
      "pending": [],
      "skipped": [],
      "duration": 0,
      "root": true,
      "rootEmpty": true,
      "_timeout": 2000
    }
  ],
  "meta": {
    "mocha": {
      "version": "7.0.1"
    },
    "mochawesome": {
      "options": {
        "quiet": false,
        "reportFilename": "mochawesome",
        "saveHtml": false,
        "saveJson": true,
        "consoleReporter": "spec",
        "useInlineDiffs": false,
        "code": true
      },
      "version": "7.1.3"
    },
    "marge": {
      "options": {
        "charts": true,
        "reportPageTitle": "report-cypressDemoBlaze",
        "embeddedScreenshot": true,
        "inlineAssets": true,
        "saveAllAttempts": false,
        "video": false,
        "screenshotsFolder": "images",
        "overwrite": false,
        "html": false,
        "json": true,
        "reportDir": "cypress\\reports\\html\\.jsons"
      },
      "version": "6.2.0"
    }
  }
}