{
  "stats": {
    "suites": 1,
    "tests": 2,
    "passes": 2,
    "pending": 0,
    "failures": 0,
    "start": "2022-09-02T01:41:41.129Z",
    "end": "2022-09-02T01:41:52.869Z",
    "duration": 11740,
    "testsRegistered": 2,
    "passPercent": 100,
    "pendingPercent": 0,
    "other": 0,
    "hasOther": false,
    "skipped": 0,
    "hasSkipped": false
  },
  "results": [
    {
      "uuid": "2869b99f-b403-4f4b-83b1-89b9e54a9ec9",
      "title": "",
      "fullFile": "cypress\\e2e\\addtocartblaze.cy.js",
      "file": "cypress\\e2e\\addtocartblaze.cy.js",
      "beforeHooks": [],
      "afterHooks": [],
      "tests": [],
      "suites": [
        {
          "uuid": "d99568b6-ddaa-4f14-b1a5-2280a50a3309",
          "title": "Add to cart",
          "fullFile": "",
          "file": "",
          "beforeHooks": [],
          "afterHooks": [],
          "tests": [
            {
              "title": "Visit URL Demo Blaze",
              "fullTitle": "Add to cart Visit URL Demo Blaze",
              "timedOut": null,
              "duration": 2726,
              "state": "passed",
              "speed": "fast",
              "pass": true,
              "fail": false,
              "pending": false,
              "context": null,
              "code": "cy.visit('https://www.demoblaze.com/index.html');",
              "err": {},
              "uuid": "3639b10b-0842-44ec-9dc8-10240942369f",
              "parentUUID": "d99568b6-ddaa-4f14-b1a5-2280a50a3309",
              "isHook": false,
              "skipped": false
            },
            {
              "title": "Add to cart",
              "fullTitle": "Add to cart Add to cart",
              "timedOut": null,
              "duration": 6836,
              "state": "passed",
              "speed": "medium",
              "pass": true,
              "fail": false,
              "pending": false,
              "context": null,
              "code": "cy.get(':nth-child(1) > .card > .card-block > .card-title > .hrefch').click();\ncy.get('.col-sm-12 > .btn').click();\ncy.get('.active > .nav-link').click();\ncy.get(':nth-child(2) > .card > .card-block > .card-title > .hrefch').click();\ncy.get('.col-sm-12 > .btn').click();\ncy.get('#cartur').click();",
              "err": {},
              "uuid": "93f377f0-b993-49e5-ba3a-e73fc33c36af",
              "parentUUID": "d99568b6-ddaa-4f14-b1a5-2280a50a3309",
              "isHook": false,
              "skipped": false
            }
          ],
          "suites": [],
          "passes": [
            "3639b10b-0842-44ec-9dc8-10240942369f",
            "93f377f0-b993-49e5-ba3a-e73fc33c36af"
          ],
          "failures": [],
          "pending": [],
          "skipped": [],
          "duration": 9562,
          "root": false,
          "rootEmpty": false,
          "_timeout": 2000
        }
      ],
      "passes": [],
      "failures": [],
      "pending": [],
      "skipped": [],
      "duration": 0,
      "root": true,
      "rootEmpty": true,
      "_timeout": 2000
    }
  ],
  "meta": {
    "mocha": {
      "version": "7.0.1"
    },
    "mochawesome": {
      "options": {
        "quiet": false,
        "reportFilename": "mochawesome",
        "saveHtml": false,
        "saveJson": true,
        "consoleReporter": "spec",
        "useInlineDiffs": false,
        "code": true
      },
      "version": "7.1.3"
    },
    "marge": {
      "options": {
        "charts": true,
        "reportPageTitle": "report-cypressDemoBlaze",
        "embeddedScreenshot": true,
        "inlineAssets": true,
        "saveAllAttempts": false,
        "video": false,
        "screenshotsFolder": "images",
        "overwrite": false,
        "html": false,
        "json": true,
        "reportDir": "cypress\\reports\\html\\.jsons"
      },
      "version": "6.2.0"
    }
  }
}